<?xml version="1.0" encoding="UTF-8"?>
<!-- Generated by org.testng.reporters.JUnitReportReporter -->
<testsuite skipped="0" hostname="DESKTOP-9S87ER3" name="com.aisha.DemoQASiteTestNG.TestClasses.CheckBoxTest" tests="4" failures="0" timestamp="18 Jun 2021 16:12:38 GMT" time="48.335" errors="0">
  <testcase name="isElementsCardClickable" time="10.521" classname="com.aisha.DemoQASiteTestNG.TestClasses.CheckBoxTest"/>
  <testcase name="validatecheckBoxOptionsDescription" time="12.164" classname="com.aisha.DemoQASiteTestNG.TestClasses.CheckBoxTest"/>
  <testcase name="validatecheckBoxOptionsDescription" time="15.084" classname="com.aisha.DemoQASiteTestNG.TestClasses.CheckBoxTest"/>
  <testcase name="validatecheckBoxOptionsDescription" time="10.566" classname="com.aisha.DemoQASiteTestNG.TestClasses.CheckBoxTest"/>
</testsuite> <!-- com.aisha.DemoQASiteTestNG.TestClasses.CheckBoxTest -->
