<?xml version="1.0" encoding="UTF-8"?>
<!-- Generated by org.testng.reporters.JUnitReportReporter -->
<testsuite skipped="0" hostname="DESKTOP-9S87ER3" name="com.aisha.DemoQASiteTestNG.TestClasses.WebTableTest" tests="3" failures="0" timestamp="01 Jun 2021 06:18:36 GMT" time="42.118" errors="0">
  <testcase name="validateInvalidSavingData" time="18.344" classname="com.aisha.DemoQASiteTestNG.TestClasses.WebTableTest"/>
  <testcase name="validateSavingData" time="12.937" classname="com.aisha.DemoQASiteTestNG.TestClasses.WebTableTest"/>
  <testcase name="validatesearchData" time="10.837" classname="com.aisha.DemoQASiteTestNG.TestClasses.WebTableTest"/>
</testsuite> <!-- com.aisha.DemoQASiteTestNG.TestClasses.WebTableTest -->
