<?xml version="1.0" encoding="UTF-8"?>
<!-- Generated by org.testng.reporters.JUnitReportReporter -->
<testsuite skipped="0" hostname="DESKTOP-9S87ER3" name="com.aisha.DemoQASiteTestNG.TestClasses.BrokenLinksTest" tests="4" failures="0" timestamp="18 Jun 2021 19:16:17 GMT" time="46.305" errors="0">
  <testcase name="validateBrokenLink" time="9.693" classname="com.aisha.DemoQASiteTestNG.TestClasses.BrokenLinksTest"/>
  <testcase name="validateValidLink" time="9.541" classname="com.aisha.DemoQASiteTestNG.TestClasses.BrokenLinksTest"/>
  <testcase name="validateValidImage" time="13.086" classname="com.aisha.DemoQASiteTestNG.TestClasses.BrokenLinksTest"/>
  <testcase name="validateBrokenImage" time="13.985" classname="com.aisha.DemoQASiteTestNG.TestClasses.BrokenLinksTest"/>
</testsuite> <!-- com.aisha.DemoQASiteTestNG.TestClasses.BrokenLinksTest -->
