<?xml version="1.0" encoding="UTF-8"?>
<!-- Generated by org.testng.reporters.JUnitReportReporter -->
<testsuite skipped="0" hostname="DESKTOP-9S87ER3" name="com.aisha.DemoQASiteTestNG.TestClasses.RadioTest" tests="3" failures="0" timestamp="18 Jun 2021 16:12:38 GMT" time="32.960" errors="0">
  <testcase name="validateNORadioButton" time="10.582" classname="com.aisha.DemoQASiteTestNG.TestClasses.RadioTest"/>
  <testcase name="validateImpressiveRadioButton" time="11.418" classname="com.aisha.DemoQASiteTestNG.TestClasses.RadioTest"/>
  <testcase name="validateYESRadioButton" time="10.960" classname="com.aisha.DemoQASiteTestNG.TestClasses.RadioTest"/>
</testsuite> <!-- com.aisha.DemoQASiteTestNG.TestClasses.RadioTest -->
