<?xml version="1.0" encoding="UTF-8"?>
<!-- Generated by org.testng.reporters.JUnitReportReporter -->
<testsuite skipped="1" hostname="DESKTOP-9S87ER3" name="com.aisha.DemoQASiteTestNG.TestClasses.DynamicPropertiesTest" tests="3" failures="0" timestamp="19 Jun 2021 18:45:33 GMT" time="58.915" errors="0">
  <testcase name="validateVisibleButton" time="17.149" classname="com.aisha.DemoQASiteTestNG.TestClasses.DynamicPropertiesTest"/>
  <testcase name="validateColorButton" time="41.766" classname="com.aisha.DemoQASiteTestNG.TestClasses.DynamicPropertiesTest"/>
  <testcase name="validateAfterFiveSecond" classname="com.aisha.DemoQASiteTestNG.TestClasses.DynamicPropertiesTest">
    <skipped/>
  </testcase> <!-- validateAfterFiveSecond -->
</testsuite> <!-- com.aisha.DemoQASiteTestNG.TestClasses.DynamicPropertiesTest -->
