<?xml version="1.0" encoding="UTF-8"?>
<!-- Generated by org.testng.reporters.JUnitReportReporter -->
<testsuite skipped="0" hostname="DESKTOP-9S87ER3" name="com.aisha.DemoQASiteTestNG.TestClasses.WebTableTest" tests="3" failures="0" timestamp="23 May 2021 18:33:42 GMT" time="40.857" errors="0">
  <testcase name="validatesearchData" time="12.856" classname="com.aisha.DemoQASiteTestNG.TestClasses.WebTableTest"/>
  <testcase name="validateSavingData" time="15.399" classname="com.aisha.DemoQASiteTestNG.TestClasses.WebTableTest"/>
  <testcase name="validateInvalidSavingData" time="12.602" classname="com.aisha.DemoQASiteTestNG.TestClasses.WebTableTest"/>
</testsuite> <!-- com.aisha.DemoQASiteTestNG.TestClasses.WebTableTest -->
