<?xml version="1.0" encoding="UTF-8"?>
<!-- Generated by org.testng.reporters.JUnitReportReporter -->
<testsuite skipped="0" hostname="DESKTOP-9S87ER3" name="com.aisha.DemoQASiteTestNG.TestClasses.LinksTest" tests="9" failures="0" timestamp="18 Jun 2021 16:12:38 GMT" time="120.603" errors="0">
  <testcase name="validateHomeLink" time="14.580" classname="com.aisha.DemoQASiteTestNG.TestClasses.LinksTest"/>
  <testcase name="validateNoContentLink" time="11.455" classname="com.aisha.DemoQASiteTestNG.TestClasses.LinksTest"/>
  <testcase name="validateUnauthorisedLink" time="17.003" classname="com.aisha.DemoQASiteTestNG.TestClasses.LinksTest"/>
  <testcase name="validateHomepvlkLink" time="14.139" classname="com.aisha.DemoQASiteTestNG.TestClasses.LinksTest"/>
  <testcase name="validateCreatedLink" time="10.401" classname="com.aisha.DemoQASiteTestNG.TestClasses.LinksTest"/>
  <testcase name="validateForbiddenLink" time="14.534" classname="com.aisha.DemoQASiteTestNG.TestClasses.LinksTest"/>
  <testcase name="validateMovedLink" time="13.032" classname="com.aisha.DemoQASiteTestNG.TestClasses.LinksTest"/>
  <testcase name="validateNotFoundLink" time="13.964" classname="com.aisha.DemoQASiteTestNG.TestClasses.LinksTest"/>
  <testcase name="validateBadRequestLink" time="11.495" classname="com.aisha.DemoQASiteTestNG.TestClasses.LinksTest"/>
</testsuite> <!-- com.aisha.DemoQASiteTestNG.TestClasses.LinksTest -->
