<?xml version="1.0" encoding="UTF-8"?>
<!-- Generated by org.testng.reporters.JUnitReportReporter -->
<testsuite skipped="0" hostname="DESKTOP-9S87ER3" name="com.aisha.DemoQASiteTestNG.TestClasses.WebTableTest" tests="4" failures="0" timestamp="18 Jun 2021 16:12:38 GMT" time="45.443" errors="0">
  <testcase name="validateSavingData" time="11.144" classname="com.aisha.DemoQASiteTestNG.TestClasses.WebTableTest"/>
  <testcase name="validatesearchData" time="10.643" classname="com.aisha.DemoQASiteTestNG.TestClasses.WebTableTest"/>
  <testcase name="validateInvalidSavingData" time="12.653" classname="com.aisha.DemoQASiteTestNG.TestClasses.WebTableTest"/>
  <testcase name="savingData" time="11.003" classname="com.aisha.DemoQASiteTestNG.TestClasses.WebTableTest"/>
</testsuite> <!-- com.aisha.DemoQASiteTestNG.TestClasses.WebTableTest -->
