<?xml version="1.0" encoding="UTF-8"?>
<!-- Generated by org.testng.reporters.JUnitReportReporter -->
<testsuite skipped="0" hostname="DESKTOP-9S87ER3" name="com.aisha.DemoQASiteTestNG.TestClasses.RadioTest" tests="3" failures="0" timestamp="16 May 2021 19:16:19 GMT" time="29.550" errors="0">
  <testcase name="validateImpressiveRadioButton" time="9.773" classname="com.aisha.DemoQASiteTestNG.TestClasses.RadioTest"/>
  <testcase name="validateYESRadioButton" time="10.565" classname="com.aisha.DemoQASiteTestNG.TestClasses.RadioTest"/>
  <testcase name="validateNORadioButton" time="9.212" classname="com.aisha.DemoQASiteTestNG.TestClasses.RadioTest"/>
</testsuite> <!-- com.aisha.DemoQASiteTestNG.TestClasses.RadioTest -->
