<?xml version="1.0" encoding="UTF-8"?>
<!-- Generated by org.testng.reporters.JUnitReportReporter -->
<testsuite skipped="0" hostname="DESKTOP-9S87ER3" name="com.aisha.DemoQASiteTestNG.TestClasses.TextBoxTest" tests="4" failures="0" timestamp="15 May 2021 18:20:05 GMT" time="35.478" errors="0">
  <testcase name="isEmailBoxHighlighted" time="9.006" classname="com.aisha.DemoQASiteTestNG.TestClasses.TextBoxTest"/>
  <testcase name="isTextBoxOptionClickable" time="8.613" classname="com.aisha.DemoQASiteTestNG.TestClasses.TextBoxTest"/>
  <testcase name="isElementsCardClickable" time="9.524" classname="com.aisha.DemoQASiteTestNG.TestClasses.TextBoxTest"/>
  <testcase name="verifyElementsForm" time="8.335" classname="com.aisha.DemoQASiteTestNG.TestClasses.TextBoxTest"/>
</testsuite> <!-- com.aisha.DemoQASiteTestNG.TestClasses.TextBoxTest -->
